Started GET "/" for ::1 at 2022-10-28 20:30:26 -0500
Started GET "/" for ::1 at 2022-10-28 20:30:26 -0500
Processing by Rails::WelcomeController#index as HTML
Processing by Rails::WelcomeController#index as HTML
  Rendering C:/Ruby31-x64/lib/ruby/gems/3.1.0/gems/railties-7.0.4/lib/rails/templates/rails/welcome/index.html.erb
  Rendering C:/Ruby31-x64/lib/ruby/gems/3.1.0/gems/railties-7.0.4/lib/rails/templates/rails/welcome/index.html.erb
  Rendered C:/Ruby31-x64/lib/ruby/gems/3.1.0/gems/railties-7.0.4/lib/rails/templates/rails/welcome/index.html.erb (Duration: 47.5ms | Allocations: 691)
Completed 200 OK in 223ms (Views: 102.0ms | ActiveRecord: 0.0ms | Allocations: 6113)

  Rendered C:/Ruby31-x64/lib/ruby/gems/3.1.0/gems/railties-7.0.4/lib/rails/templates/rails/welcome/index.html.erb (Duration: 39.4ms | Allocations: 710)
Completed 200 OK in 217ms (Views: 102.8ms | ActiveRecord: 0.0ms | Allocations: 6328)


  [1m[35m (201.3ms)[0m  [1m[35mCREATE TABLE "schema_migrations" ("version" varchar NOT NULL PRIMARY KEY)[0m
  [1m[35m (153.8ms)[0m  [1m[35mCREATE TABLE "ar_internal_metadata" ("key" varchar NOT NULL PRIMARY KEY, "value" varchar, "created_at" datetime(6) NOT NULL, "updated_at" datetime(6) NOT NULL)[0m
  [1m[36mActiveRecord::SchemaMigration Pluck (0.3ms)[0m  [1m[34mSELECT "schema_migrations"."version" FROM "schema_migrations" ORDER BY "schema_migrations"."version" ASC[0m
Migrating to CreateMovies (20221029032414)
  [1m[36mActiveRecord::SchemaMigration Pluck (0.3ms)[0m  [1m[34mSELECT "schema_migrations"."version" FROM "schema_migrations" ORDER BY "schema_migrations"."version" ASC[0m
Migrating to CreateMovies (20221029032414)
  [1m[36mTRANSACTION (0.1ms)[0m  [1m[36mbegin transaction[0m
  [1m[35m (1.2ms)[0m  [1m[35mCREATE TABLE "movies" ("id" integer PRIMARY KEY AUTOINCREMENT NOT NULL, "title" varchar, "rating" varchar, "description" text, "release_date" datetime(6), "created_at" datetime(6) NOT NULL, "updated_at" datetime(6) NOT NULL)[0m
  [1m[36mActiveRecord::SchemaMigration Create (0.3ms)[0m  [1m[32mINSERT INTO "schema_migrations" ("version") VALUES (?)[0m  [["version", "20221029032414"]]
  [1m[36mTRANSACTION (157.5ms)[0m  [1m[36mcommit transaction[0m
  [1m[36mActiveRecord::InternalMetadata Load (0.6ms)[0m  [1m[34mSELECT "ar_internal_metadata".* FROM "ar_internal_metadata" WHERE "ar_internal_metadata"."key" = ? LIMIT ?[0m  [["key", "environment"], ["LIMIT", 1]]
  [1m[36mTRANSACTION (0.1ms)[0m  [1m[36mbegin transaction[0m
  [1m[36mActiveRecord::InternalMetadata Create (1.9ms)[0m  [1m[32mINSERT INTO "ar_internal_metadata" ("key", "value", "created_at", "updated_at") VALUES (?, ?, ?, ?)[0m  [["key", "environment"], ["value", "development"], ["created_at", "2022-10-29 03:28:08.807855"], ["updated_at", "2022-10-29 03:28:08.807855"]]
  [1m[36mTRANSACTION (138.6ms)[0m  [1m[36mcommit transaction[0m
  [1m[36mActiveRecord::SchemaMigration Pluck (0.5ms)[0m  [1m[34mSELECT "schema_migrations"."version" FROM "schema_migrations" ORDER BY "schema_migrations"."version" ASC[0m
  [1m[36mMovie Load (0.7ms)[0m  [1m[34mSELECT "movies".* FROM "movies" ORDER BY "movies"."id" ASC LIMIT ?[0m  [["LIMIT", 1]]
  [1m[36mActiveRecord::SchemaMigration Pluck (0.4ms)[0m  [1m[34mSELECT "schema_migrations"."version" FROM "schema_migrations" ORDER BY "schema_migrations"."version" ASC[0m
  [1m[36mTRANSACTION (0.1ms)[0m  [1m[36mbegin transaction[0m
  [1m[36mMovie Create (2.2ms)[0m  [1m[32mINSERT INTO "movies" ("title", "rating", "description", "release_date", "created_at", "updated_at") VALUES (?, ?, ?, ?, ?, ?)[0m  [["title", "My Neighbor Totoro"], ["rating", "G"], ["description", nil], ["release_date", "1988-04-16 00:00:00"], ["created_at", "2022-10-29 13:22:49.058796"], ["updated_at", "2022-10-29 13:22:49.058796"]]
  [1m[36mTRANSACTION (187.8ms)[0m  [1m[36mcommit transaction[0m
  [1m[36mTRANSACTION (0.2ms)[0m  [1m[36mbegin transaction[0m
  [1m[36mMovie Create (2.0ms)[0m  [1m[32mINSERT INTO "movies" ("title", "rating", "description", "release_date", "created_at", "updated_at") VALUES (?, ?, ?, ?, ?, ?)[0m  [["title", "Green Book"], ["rating", "PG-13"], ["description", nil], ["release_date", "2018-11-16 00:00:00"], ["created_at", "2022-10-29 13:22:49.263431"], ["updated_at", "2022-10-29 13:22:49.263431"]]
  [1m[36mTRANSACTION (138.9ms)[0m  [1m[36mcommit transaction[0m
  [1m[36mTRANSACTION (0.3ms)[0m  [1m[36mbegin transaction[0m
  [1m[36mMovie Create (3.5ms)[0m  [1m[32mINSERT INTO "movies" ("title", "rating", "description", "release_date", "created_at", "updated_at") VALUES (?, ?, ?, ?, ?, ?)[0m  [["title", "Parasite"], ["rating", "R"], ["description", nil], ["release_date", "2019-05-30 00:00:00"], ["created_at", "2022-10-29 13:22:49.419020"], ["updated_at", "2022-10-29 13:22:49.419020"]]
  [1m[36mTRANSACTION (136.9ms)[0m  [1m[36mcommit transaction[0m
  [1m[36mTRANSACTION (0.2ms)[0m  [1m[36mbegin transaction[0m
  [1m[36mMovie Create (3.9ms)[0m  [1m[32mINSERT INTO "movies" ("title", "rating", "description", "release_date", "created_at", "updated_at") VALUES (?, ?, ?, ?, ?, ?)[0m  [["title", "Nomadland"], ["rating", "R"], ["description", nil], ["release_date", "2021-02-19 00:00:00"], ["created_at", "2022-10-29 13:22:49.574925"], ["updated_at", "2022-10-29 13:22:49.574925"]]
  [1m[36mTRANSACTION (135.4ms)[0m  [1m[36mcommit transaction[0m
  [1m[36mTRANSACTION (0.1ms)[0m  [1m[36mbegin transaction[0m
  [1m[36mMovie Create (2.7ms)[0m  [1m[32mINSERT INTO "movies" ("title", "rating", "description", "release_date", "created_at", "updated_at") VALUES (?, ?, ?, ?, ?, ?)[0m  [["title", "CODA"], ["rating", "PG-13"], ["description", nil], ["release_date", "2021-08-13 00:00:00"], ["created_at", "2022-10-29 13:22:49.729425"], ["updated_at", "2022-10-29 13:22:49.729425"]]
  [1m[36mTRANSACTION (137.3ms)[0m  [1m[36mcommit transaction[0m
  [1m[36mMovie Load (0.2ms)[0m  [1m[34mSELECT "movies".* FROM "movies" ORDER BY "movies"."id" ASC LIMIT ?[0m  [["LIMIT", 1]]
Started GET "/" for ::1 at 2022-10-29 08:29:00 -0500
  [1m[36mActiveRecord::SchemaMigration Pluck (0.5ms)[0m  [1m[34mSELECT "schema_migrations"."version" FROM "schema_migrations" ORDER BY "schema_migrations"."version" ASC[0m
Processing by Rails::WelcomeController#index as HTML
  Rendering C:/Ruby31-x64/lib/ruby/gems/3.1.0/gems/railties-7.0.4/lib/rails/templates/rails/welcome/index.html.erb
  Rendered C:/Ruby31-x64/lib/ruby/gems/3.1.0/gems/railties-7.0.4/lib/rails/templates/rails/welcome/index.html.erb (Duration: 29.3ms | Allocations: 551)
Completed 200 OK in 313ms (Views: 83.5ms | ActiveRecord: 0.0ms | Allocations: 4041)


Started GET "/movies" for ::1 at 2022-10-29 08:29:08 -0500
  
ActionController::RoutingError (No route matches [GET] "/movies"):
  
Started GET "/movies" for ::1 at 2022-10-29 08:34:28 -0500
  
ActionController::RoutingError (uninitialized constant MoviesController

      Object.const_get(camel_cased_word)
            ^^^^^^^^^^

            raise MissingController.new(error.message, error.name)
            ^^^^^):
  
Started GET "/movies" for ::1 at 2022-10-29 08:35:54 -0500
Processing by MoviesController#index as HTML
  Rendering layout layouts/application.html.erb
  Rendering movies/index.html.erb within layouts/application
  [1m[36mMovie Load (0.2ms)[0m  [1m[34mSELECT "movies".* FROM "movies"[0m
  ↳ app/views/movies/index.html.erb:6
  Rendered movies/_movie.html.erb (Duration: 2.0ms | Allocations: 415)
  Rendered movies/_movie.html.erb (Duration: 0.3ms | Allocations: 39)
  Rendered movies/_movie.html.erb (Duration: 0.4ms | Allocations: 39)
  Rendered movies/_movie.html.erb (Duration: 0.3ms | Allocations: 39)
  Rendered movies/_movie.html.erb (Duration: 0.3ms | Allocations: 39)
  Rendered movies/index.html.erb within layouts/application (Duration: 51.5ms | Allocations: 8375)
  Rendered layout layouts/application.html.erb (Duration: 1438.0ms | Allocations: 105030)
Completed 200 OK in 1454ms (Views: 1446.3ms | ActiveRecord: 1.7ms | Allocations: 106617)


Started GET "/movies/1" for ::1 at 2022-10-29 08:36:02 -0500
Processing by MoviesController#show as HTML
  Parameters: {"id"=>"1"}
  [1m[36mMovie Load (0.3ms)[0m  [1m[34mSELECT "movies".* FROM "movies" WHERE "movies"."id" = ? LIMIT ?[0m  [["id", 1], ["LIMIT", 1]]
  ↳ app/controllers/movies_controller.rb:63:in `set_movie'
  Rendering layout layouts/application.html.erb
  Rendering movies/show.html.erb within layouts/application
  Rendered movies/_movie.html.erb (Duration: 0.4ms | Allocations: 70)
  Rendered movies/show.html.erb within layouts/application (Duration: 3.6ms | Allocations: 1005)
  Rendered layout layouts/application.html.erb (Duration: 14.1ms | Allocations: 3380)
Completed 200 OK in 29ms (Views: 15.9ms | ActiveRecord: 0.3ms | Allocations: 6251)


Started GET "/movies" for ::1 at 2022-10-29 08:36:07 -0500
Processing by MoviesController#index as HTML
  Rendering layout layouts/application.html.erb
  Rendering movies/index.html.erb within layouts/application
  [1m[36mMovie Load (0.2ms)[0m  [1m[34mSELECT "movies".* FROM "movies"[0m
  ↳ app/views/movies/index.html.erb:6
  Rendered movies/_movie.html.erb (Duration: 1.0ms | Allocations: 38)
  Rendered movies/_movie.html.erb (Duration: 0.6ms | Allocations: 39)
  Rendered movies/_movie.html.erb (Duration: 0.5ms | Allocations: 39)
  Rendered movies/_movie.html.erb (Duration: 0.5ms | Allocations: 39)
  Rendered movies/_movie.html.erb (Duration: 0.6ms | Allocations: 39)
  Rendered movies/index.html.erb within layouts/application (Duration: 14.9ms | Allocations: 1534)
  Rendered layout layouts/application.html.erb (Duration: 36.2ms | Allocations: 3810)
Completed 200 OK in 41ms (Views: 37.9ms | ActiveRecord: 0.2ms | Allocations: 4108)


  [1m[36mActiveRecord::SchemaMigration Pluck (0.3ms)[0m  [1m[34mSELECT "schema_migrations"."version" FROM "schema_migrations" ORDER BY "schema_migrations"."version" ASC[0m
  [1m[36mActiveRecord::SchemaMigration Pluck (0.3ms)[0m  [1m[34mSELECT "schema_migrations"."version" FROM "schema_migrations" ORDER BY "schema_migrations"."version" ASC[0m
  [1m[36mTRANSACTION (0.1ms)[0m  [1m[36mbegin transaction[0m
  [1m[36mMovie Create (8.1ms)[0m  [1m[32mINSERT INTO "movies" ("title", "rating", "description", "release_date", "created_at", "updated_at") VALUES (?, ?, ?, ?, ?, ?)[0m  [["title", "My Neighbor Totoro"], ["rating", "G"], ["description", nil], ["release_date", "1988-04-16 00:00:00"], ["created_at", "2022-10-29 14:19:28.257972"], ["updated_at", "2022-10-29 14:19:28.257972"]]
  [1m[36mTRANSACTION (175.8ms)[0m  [1m[36mcommit transaction[0m
  [1m[36mTRANSACTION (0.1ms)[0m  [1m[36mbegin transaction[0m
  [1m[36mMovie Create (2.3ms)[0m  [1m[32mINSERT INTO "movies" ("title", "rating", "description", "release_date", "created_at", "updated_at") VALUES (?, ?, ?, ?, ?, ?)[0m  [["title", "Green Book"], ["rating", "PG-13"], ["description", nil], ["release_date", "2018-11-16 00:00:00"], ["created_at", "2022-10-29 14:19:28.450069"], ["updated_at", "2022-10-29 14:19:28.450069"]]
  [1m[36mTRANSACTION (141.6ms)[0m  [1m[36mcommit transaction[0m
  [1m[36mTRANSACTION (0.2ms)[0m  [1m[36mbegin transaction[0m
  [1m[36mMovie Create (2.3ms)[0m  [1m[32mINSERT INTO "movies" ("title", "rating", "description", "release_date", "created_at", "updated_at") VALUES (?, ?, ?, ?, ?, ?)[0m  [["title", "Parasite"], ["rating", "R"], ["description", nil], ["release_date", "2019-05-30 00:00:00"], ["created_at", "2022-10-29 14:19:28.606751"], ["updated_at", "2022-10-29 14:19:28.606751"]]
  [1m[36mTRANSACTION (141.3ms)[0m  [1m[36mcommit transaction[0m
  [1m[36mTRANSACTION (0.1ms)[0m  [1m[36mbegin transaction[0m
  [1m[36mMovie Create (2.1ms)[0m  [1m[32mINSERT INTO "movies" ("title", "rating", "description", "release_date", "created_at", "updated_at") VALUES (?, ?, ?, ?, ?, ?)[0m  [["title", "Nomadland"], ["rating", "R"], ["description", nil], ["release_date", "2021-02-19 00:00:00"], ["created_at", "2022-10-29 14:19:28.761565"], ["updated_at", "2022-10-29 14:19:28.761565"]]
  [1m[36mTRANSACTION (131.5ms)[0m  [1m[36mcommit transaction[0m
  [1m[36mTRANSACTION (0.1ms)[0m  [1m[36mbegin transaction[0m
  [1m[36mMovie Create (2.0ms)[0m  [1m[32mINSERT INTO "movies" ("title", "rating", "description", "release_date", "created_at", "updated_at") VALUES (?, ?, ?, ?, ?, ?)[0m  [["title", "CODA"], ["rating", "PG-13"], ["description", nil], ["release_date", "2021-08-13 00:00:00"], ["created_at", "2022-10-29 14:19:28.904929"], ["updated_at", "2022-10-29 14:19:28.904929"]]
  [1m[36mTRANSACTION (119.9ms)[0m  [1m[36mcommit transaction[0m
  [1m[36mTRANSACTION (0.1ms)[0m  [1m[36mbegin transaction[0m
  [1m[36mMovie Create (1.0ms)[0m  [1m[32mINSERT INTO "movies" ("title", "rating", "description", "release_date", "created_at", "updated_at") VALUES (?, ?, ?, ?, ?, ?)[0m  [["title", "Interstellar"], ["rating", "PG-13"], ["description", nil], ["release_date", "2014-10-26 00:00:00"], ["created_at", "2022-10-29 14:19:29.037722"], ["updated_at", "2022-10-29 14:19:29.037722"]]
  [1m[36mTRANSACTION (127.1ms)[0m  [1m[36mcommit transaction[0m
  [1m[36mMovie Load (0.2ms)[0m  [1m[34mSELECT "movies".* FROM "movies" ORDER BY "movies"."id" ASC LIMIT ? OFFSET ?[0m  [["LIMIT", 1], ["OFFSET", 4]]
  [1m[36mMovie Load (0.4ms)[0m  [1m[34mSELECT "movies".* FROM "movies" ORDER BY "movies"."id" DESC LIMIT ?[0m  [["LIMIT", 1]]
Started GET "/movies" for ::1 at 2022-10-29 09:23:57 -0500
Processing by MoviesController#index as HTML
  Rendering layout layouts/application.html.erb
  Rendering movies/index.html.erb within layouts/application
  [1m[36mMovie Load (0.3ms)[0m  [1m[34mSELECT "movies".* FROM "movies"[0m
  ↳ app/views/movies/index.html.erb:6
  Rendered movies/_movie.html.erb (Duration: 5.5ms | Allocations: 263)
  Rendered movies/_movie.html.erb (Duration: 0.4ms | Allocations: 39)
  Rendered movies/_movie.html.erb (Duration: 0.4ms | Allocations: 39)
  Rendered movies/_movie.html.erb (Duration: 0.3ms | Allocations: 39)
  Rendered movies/_movie.html.erb (Duration: 0.5ms | Allocations: 39)
  Rendered movies/_movie.html.erb (Duration: 0.5ms | Allocations: 37)
  Rendered movies/_movie.html.erb (Duration: 0.4ms | Allocations: 39)
  Rendered movies/_movie.html.erb (Duration: 0.5ms | Allocations: 39)
  Rendered movies/_movie.html.erb (Duration: 0.5ms | Allocations: 39)
  Rendered movies/_movie.html.erb (Duration: 0.8ms | Allocations: 39)
  Rendered movies/_movie.html.erb (Duration: 0.4ms | Allocations: 39)
  Rendered movies/index.html.erb within layouts/application (Duration: 70.8ms | Allocations: 3501)
  Rendered layout layouts/application.html.erb (Duration: 138.6ms | Allocations: 6160)
Completed 200 OK in 178ms (Views: 159.5ms | ActiveRecord: 2.4ms | Allocations: 7015)


Started GET "/movies" for ::1 at 2022-10-29 09:56:27 -0500
Processing by MoviesController#index as HTML
  Rendering layout layouts/application.html.erb
  Rendering movies/index.html.erb within layouts/application
  [1m[36mMovie Load (0.2ms)[0m  [1m[34mSELECT "movies".* FROM "movies"[0m
  ↳ app/views/movies/index.html.erb:6
  Rendered movies/_movie.html.erb (Duration: 2.0ms | Allocations: 263)
  Rendered movies/_movie.html.erb (Duration: 0.3ms | Allocations: 39)
  Rendered movies/_movie.html.erb (Duration: 1.2ms | Allocations: 39)
  Rendered movies/_movie.html.erb (Duration: 0.3ms | Allocations: 39)
  Rendered movies/_movie.html.erb (Duration: 0.4ms | Allocations: 39)
  Rendered movies/_movie.html.erb (Duration: 0.3ms | Allocations: 37)
  Rendered movies/_movie.html.erb (Duration: 0.5ms | Allocations: 39)
  Rendered movies/_movie.html.erb (Duration: 0.4ms | Allocations: 39)
  Rendered movies/_movie.html.erb (Duration: 0.3ms | Allocations: 39)
  Rendered movies/_movie.html.erb (Duration: 1.5ms | Allocations: 39)
  Rendered movies/_movie.html.erb (Duration: 0.4ms | Allocations: 39)
  Rendered movies/index.html.erb within layouts/application (Duration: 30.3ms | Allocations: 3518)
  Rendered layout layouts/application.html.erb (Duration: 47.5ms | Allocations: 6191)
Completed 200 OK in 62ms (Views: 56.3ms | ActiveRecord: 0.7ms | Allocations: 7083)


Started GET "/movies/11" for ::1 at 2022-10-29 09:56:49 -0500
Processing by MoviesController#show as HTML
  Parameters: {"id"=>"11"}
  [1m[36mMovie Load (0.3ms)[0m  [1m[34mSELECT "movies".* FROM "movies" WHERE "movies"."id" = ? LIMIT ?[0m  [["id", 11], ["LIMIT", 1]]
  ↳ app/controllers/movies_controller.rb:63:in `set_movie'
  Rendering layout layouts/application.html.erb
  Rendering movies/show.html.erb within layouts/application
  Rendered movies/_movie.html.erb (Duration: 0.4ms | Allocations: 40)
  Rendered movies/show.html.erb within layouts/application (Duration: 4.6ms | Allocations: 774)
  Rendered layout layouts/application.html.erb (Duration: 16.9ms | Allocations: 3041)
Completed 200 OK in 28ms (Views: 19.6ms | ActiveRecord: 0.3ms | Allocations: 3946)


Started DELETE "/movies/11" for ::1 at 2022-10-29 09:56:51 -0500
Processing by MoviesController#destroy as TURBO_STREAM
  Parameters: {"authenticity_token"=>"[FILTERED]", "id"=>"11"}
  [1m[36mMovie Load (0.2ms)[0m  [1m[34mSELECT "movies".* FROM "movies" WHERE "movies"."id" = ? LIMIT ?[0m  [["id", 11], ["LIMIT", 1]]
  ↳ app/controllers/movies_controller.rb:63:in `set_movie'
  [1m[36mTRANSACTION (0.1ms)[0m  [1m[36mbegin transaction[0m
  ↳ app/controllers/movies_controller.rb:52:in `destroy'
  [1m[36mMovie Destroy (1.1ms)[0m  [1m[31mDELETE FROM "movies" WHERE "movies"."id" = ?[0m  [["id", 11]]
  ↳ app/controllers/movies_controller.rb:52:in `destroy'
  [1m[36mTRANSACTION (145.9ms)[0m  [1m[36mcommit transaction[0m
  ↳ app/controllers/movies_controller.rb:52:in `destroy'
Redirected to http://localhost:3000/movies
Completed 302 Found in 170ms (ActiveRecord: 147.3ms | Allocations: 2923)


Started GET "/movies" for ::1 at 2022-10-29 09:56:51 -0500
Processing by MoviesController#index as TURBO_STREAM
  Rendering layout layouts/application.html.erb
  Rendering movies/index.html.erb within layouts/application
  [1m[36mMovie Load (0.2ms)[0m  [1m[34mSELECT "movies".* FROM "movies"[0m
  ↳ app/views/movies/index.html.erb:6
  Rendered movies/_movie.html.erb (Duration: 0.3ms | Allocations: 69)
  Rendered movies/_movie.html.erb (Duration: 0.3ms | Allocations: 39)
  Rendered movies/_movie.html.erb (Duration: 0.3ms | Allocations: 39)
  Rendered movies/_movie.html.erb (Duration: 0.3ms | Allocations: 39)
  Rendered movies/_movie.html.erb (Duration: 0.3ms | Allocations: 39)
  Rendered movies/_movie.html.erb (Duration: 1.1ms | Allocations: 37)
  Rendered movies/_movie.html.erb (Duration: 0.3ms | Allocations: 39)
  Rendered movies/_movie.html.erb (Duration: 0.8ms | Allocations: 39)
  Rendered movies/_movie.html.erb (Duration: 0.4ms | Allocations: 39)
  Rendered movies/_movie.html.erb (Duration: 0.3ms | Allocations: 39)
  Rendered movies/index.html.erb within layouts/application (Duration: 19.0ms | Allocations: 2565)
  Rendered layout layouts/application.html.erb (Duration: 33.6ms | Allocations: 4945)
Completed 200 OK in 41ms (Views: 34.6ms | ActiveRecord: 0.2ms | Allocations: 5314)


Started GET "/movies/6" for ::1 at 2022-10-29 09:56:56 -0500
Processing by MoviesController#show as HTML
  Parameters: {"id"=>"6"}
  [1m[36mMovie Load (0.2ms)[0m  [1m[34mSELECT "movies".* FROM "movies" WHERE "movies"."id" = ? LIMIT ?[0m  [["id", 6], ["LIMIT", 1]]
  ↳ app/controllers/movies_controller.rb:63:in `set_movie'
  Rendering layout layouts/application.html.erb
  Rendering movies/show.html.erb within layouts/application
  Rendered movies/_movie.html.erb (Duration: 0.4ms | Allocations: 38)
  Rendered movies/show.html.erb within layouts/application (Duration: 2.5ms | Allocations: 580)
  Rendered layout layouts/application.html.erb (Duration: 16.0ms | Allocations: 2847)
Completed 200 OK in 23ms (Views: 17.5ms | ActiveRecord: 0.2ms | Allocations: 3596)


Started DELETE "/movies/6" for ::1 at 2022-10-29 09:56:58 -0500
Processing by MoviesController#destroy as TURBO_STREAM
  Parameters: {"authenticity_token"=>"[FILTERED]", "id"=>"6"}
  [1m[36mMovie Load (0.2ms)[0m  [1m[34mSELECT "movies".* FROM "movies" WHERE "movies"."id" = ? LIMIT ?[0m  [["id", 6], ["LIMIT", 1]]
  ↳ app/controllers/movies_controller.rb:63:in `set_movie'
  [1m[36mTRANSACTION (0.1ms)[0m  [1m[36mbegin transaction[0m
  ↳ app/controllers/movies_controller.rb:52:in `destroy'
  [1m[36mMovie Destroy (2.4ms)[0m  [1m[31mDELETE FROM "movies" WHERE "movies"."id" = ?[0m  [["id", 6]]
  ↳ app/controllers/movies_controller.rb:52:in `destroy'
  [1m[36mTRANSACTION (144.8ms)[0m  [1m[36mcommit transaction[0m
  ↳ app/controllers/movies_controller.rb:52:in `destroy'
Redirected to http://localhost:3000/movies
Completed 302 Found in 174ms (ActiveRecord: 147.4ms | Allocations: 2341)


Started GET "/movies" for ::1 at 2022-10-29 09:56:58 -0500
Processing by MoviesController#index as TURBO_STREAM
  Rendering layout layouts/application.html.erb
  Rendering movies/index.html.erb within layouts/application
  [1m[36mMovie Load (0.2ms)[0m  [1m[34mSELECT "movies".* FROM "movies"[0m
  ↳ app/views/movies/index.html.erb:6
  Rendered movies/_movie.html.erb (Duration: 0.3ms | Allocations: 38)
  Rendered movies/_movie.html.erb (Duration: 0.3ms | Allocations: 39)
  Rendered movies/_movie.html.erb (Duration: 0.3ms | Allocations: 39)
  Rendered movies/_movie.html.erb (Duration: 0.4ms | Allocations: 39)
  Rendered movies/_movie.html.erb (Duration: 0.3ms | Allocations: 39)
  Rendered movies/_movie.html.erb (Duration: 0.2ms | Allocations: 39)
  Rendered movies/_movie.html.erb (Duration: 1.6ms | Allocations: 39)
  Rendered movies/_movie.html.erb (Duration: 0.3ms | Allocations: 39)
  Rendered movies/_movie.html.erb (Duration: 0.6ms | Allocations: 39)
  Rendered movies/index.html.erb within layouts/application (Duration: 15.2ms | Allocations: 2249)
  Rendered layout layouts/application.html.erb (Duration: 26.8ms | Allocations: 4524)
Completed 200 OK in 32ms (Views: 28.6ms | ActiveRecord: 0.2ms | Allocations: 4814)


Started GET "/movies/7" for ::1 at 2022-10-29 09:57:03 -0500
Processing by MoviesController#show as HTML
  Parameters: {"id"=>"7"}
  [1m[36mMovie Load (0.2ms)[0m  [1m[34mSELECT "movies".* FROM "movies" WHERE "movies"."id" = ? LIMIT ?[0m  [["id", 7], ["LIMIT", 1]]
  ↳ app/controllers/movies_controller.rb:63:in `set_movie'
  Rendering layout layouts/application.html.erb
  Rendering movies/show.html.erb within layouts/application
  Rendered movies/_movie.html.erb (Duration: 0.5ms | Allocations: 40)
  Rendered movies/show.html.erb within layouts/application (Duration: 2.2ms | Allocations: 596)
  Rendered layout layouts/application.html.erb (Duration: 12.9ms | Allocations: 2863)
Completed 200 OK in 21ms (Views: 14.6ms | ActiveRecord: 0.2ms | Allocations: 3612)


Started DELETE "/movies/7" for ::1 at 2022-10-29 09:57:05 -0500
Processing by MoviesController#destroy as TURBO_STREAM
  Parameters: {"authenticity_token"=>"[FILTERED]", "id"=>"7"}
  [1m[36mMovie Load (0.5ms)[0m  [1m[34mSELECT "movies".* FROM "movies" WHERE "movies"."id" = ? LIMIT ?[0m  [["id", 7], ["LIMIT", 1]]
  ↳ app/controllers/movies_controller.rb:63:in `set_movie'
  [1m[36mTRANSACTION (0.1ms)[0m  [1m[36mbegin transaction[0m
  ↳ app/controllers/movies_controller.rb:52:in `destroy'
  [1m[36mMovie Destroy (2.3ms)[0m  [1m[31mDELETE FROM "movies" WHERE "movies"."id" = ?[0m  [["id", 7]]
  ↳ app/controllers/movies_controller.rb:52:in `destroy'
  [1m[36mTRANSACTION (137.1ms)[0m  [1m[36mcommit transaction[0m
  ↳ app/controllers/movies_controller.rb:52:in `destroy'
Redirected to http://localhost:3000/movies
Completed 302 Found in 162ms (ActiveRecord: 140.0ms | Allocations: 2358)


Started GET "/movies" for ::1 at 2022-10-29 09:57:05 -0500
Processing by MoviesController#index as TURBO_STREAM
  Rendering layout layouts/application.html.erb
  Rendering movies/index.html.erb within layouts/application
  [1m[36mMovie Load (0.3ms)[0m  [1m[34mSELECT "movies".* FROM "movies"[0m
  ↳ app/views/movies/index.html.erb:6
  Rendered movies/_movie.html.erb (Duration: 0.4ms | Allocations: 38)
  Rendered movies/_movie.html.erb (Duration: 0.5ms | Allocations: 39)
  Rendered movies/_movie.html.erb (Duration: 0.6ms | Allocations: 39)
  Rendered movies/_movie.html.erb (Duration: 0.5ms | Allocations: 39)
  Rendered movies/_movie.html.erb (Duration: 0.3ms | Allocations: 39)
  Rendered movies/_movie.html.erb (Duration: 0.5ms | Allocations: 39)
  Rendered movies/_movie.html.erb (Duration: 1.1ms | Allocations: 39)
  Rendered movies/_movie.html.erb (Duration: 0.4ms | Allocations: 39)
  Rendered movies/index.html.erb within layouts/application (Duration: 33.4ms | Allocations: 2099)
  Rendered layout layouts/application.html.erb (Duration: 58.4ms | Allocations: 4374)
Completed 200 OK in 66ms (Views: 61.4ms | ActiveRecord: 0.3ms | Allocations: 4664)


Started GET "/movies/8" for ::1 at 2022-10-29 09:57:10 -0500
Processing by MoviesController#show as HTML
  Parameters: {"id"=>"8"}
  [1m[36mMovie Load (0.2ms)[0m  [1m[34mSELECT "movies".* FROM "movies" WHERE "movies"."id" = ? LIMIT ?[0m  [["id", 8], ["LIMIT", 1]]
  ↳ app/controllers/movies_controller.rb:63:in `set_movie'
  Rendering layout layouts/application.html.erb
  Rendering movies/show.html.erb within layouts/application
  Rendered movies/_movie.html.erb (Duration: 0.4ms | Allocations: 40)
  Rendered movies/show.html.erb within layouts/application (Duration: 2.6ms | Allocations: 596)
  Rendered layout layouts/application.html.erb (Duration: 16.2ms | Allocations: 2863)
Completed 200 OK in 24ms (Views: 17.5ms | ActiveRecord: 0.2ms | Allocations: 3612)


Started DELETE "/movies/8" for ::1 at 2022-10-29 09:57:11 -0500
Processing by MoviesController#destroy as TURBO_STREAM
  Parameters: {"authenticity_token"=>"[FILTERED]", "id"=>"8"}
  [1m[36mMovie Load (0.2ms)[0m  [1m[34mSELECT "movies".* FROM "movies" WHERE "movies"."id" = ? LIMIT ?[0m  [["id", 8], ["LIMIT", 1]]
  ↳ app/controllers/movies_controller.rb:63:in `set_movie'
  [1m[36mTRANSACTION (0.1ms)[0m  [1m[36mbegin transaction[0m
  ↳ app/controllers/movies_controller.rb:52:in `destroy'
  [1m[36mMovie Destroy (2.1ms)[0m  [1m[31mDELETE FROM "movies" WHERE "movies"."id" = ?[0m  [["id", 8]]
  ↳ app/controllers/movies_controller.rb:52:in `destroy'
  [1m[36mTRANSACTION (147.5ms)[0m  [1m[36mcommit transaction[0m
  ↳ app/controllers/movies_controller.rb:52:in `destroy'
Redirected to http://localhost:3000/movies
Completed 302 Found in 174ms (ActiveRecord: 149.9ms | Allocations: 2354)


Started GET "/movies" for ::1 at 2022-10-29 09:57:12 -0500
Processing by MoviesController#index as TURBO_STREAM
  Rendering layout layouts/application.html.erb
  Rendering movies/index.html.erb within layouts/application
  [1m[36mMovie Load (0.3ms)[0m  [1m[34mSELECT "movies".* FROM "movies"[0m
  ↳ app/views/movies/index.html.erb:6
  Rendered movies/_movie.html.erb (Duration: 0.4ms | Allocations: 38)
  Rendered movies/_movie.html.erb (Duration: 0.4ms | Allocations: 39)
  Rendered movies/_movie.html.erb (Duration: 0.4ms | Allocations: 39)
  Rendered movies/_movie.html.erb (Duration: 0.5ms | Allocations: 39)
  Rendered movies/_movie.html.erb (Duration: 0.8ms | Allocations: 39)
  Rendered movies/_movie.html.erb (Duration: 0.5ms | Allocations: 39)
  Rendered movies/_movie.html.erb (Duration: 0.9ms | Allocations: 39)
  Rendered movies/index.html.erb within layouts/application (Duration: 15.7ms | Allocations: 1943)
  Rendered layout layouts/application.html.erb (Duration: 27.3ms | Allocations: 4223)
Completed 200 OK in 32ms (Views: 28.3ms | ActiveRecord: 0.3ms | Allocations: 4514)


Started GET "/movies/9" for ::1 at 2022-10-29 09:57:16 -0500
Processing by MoviesController#show as HTML
  Parameters: {"id"=>"9"}
  [1m[36mMovie Load (0.2ms)[0m  [1m[34mSELECT "movies".* FROM "movies" WHERE "movies"."id" = ? LIMIT ?[0m  [["id", 9], ["LIMIT", 1]]
  ↳ app/controllers/movies_controller.rb:63:in `set_movie'
  Rendering layout layouts/application.html.erb
  Rendering movies/show.html.erb within layouts/application
  Rendered movies/_movie.html.erb (Duration: 1.0ms | Allocations: 40)
  Rendered movies/show.html.erb within layouts/application (Duration: 3.6ms | Allocations: 578)
  Rendered layout layouts/application.html.erb (Duration: 15.5ms | Allocations: 2846)
Completed 200 OK in 23ms (Views: 17.2ms | ActiveRecord: 0.2ms | Allocations: 3595)


Started GET "/movies/9" for ::1 at 2022-10-29 09:57:27 -0500
Processing by MoviesController#show as HTML
  Parameters: {"id"=>"9"}
  [1m[36mMovie Load (0.2ms)[0m  [1m[34mSELECT "movies".* FROM "movies" WHERE "movies"."id" = ? LIMIT ?[0m  [["id", 9], ["LIMIT", 1]]
  ↳ app/controllers/movies_controller.rb:63:in `set_movie'
  Rendering layout layouts/application.html.erb
  Rendering movies/show.html.erb within layouts/application
  Rendered movies/_movie.html.erb (Duration: 0.3ms | Allocations: 40)
  Rendered movies/show.html.erb within layouts/application (Duration: 2.5ms | Allocations: 569)
  Rendered layout layouts/application.html.erb (Duration: 13.6ms | Allocations: 2836)
Completed 200 OK in 22ms (Views: 15.7ms | ActiveRecord: 0.2ms | Allocations: 3585)


Started DELETE "/movies/9" for ::1 at 2022-10-29 09:57:28 -0500
Processing by MoviesController#destroy as TURBO_STREAM
  Parameters: {"authenticity_token"=>"[FILTERED]", "id"=>"9"}
  [1m[36mMovie Load (0.2ms)[0m  [1m[34mSELECT "movies".* FROM "movies" WHERE "movies"."id" = ? LIMIT ?[0m  [["id", 9], ["LIMIT", 1]]
  ↳ app/controllers/movies_controller.rb:63:in `set_movie'
  [1m[36mTRANSACTION (0.1ms)[0m  [1m[36mbegin transaction[0m
  ↳ app/controllers/movies_controller.rb:52:in `destroy'
  [1m[36mMovie Destroy (2.3ms)[0m  [1m[31mDELETE FROM "movies" WHERE "movies"."id" = ?[0m  [["id", 9]]
  ↳ app/controllers/movies_controller.rb:52:in `destroy'
  [1m[36mTRANSACTION (138.1ms)[0m  [1m[36mcommit transaction[0m
  ↳ app/controllers/movies_controller.rb:52:in `destroy'
Redirected to http://localhost:3000/movies
Completed 302 Found in 167ms (ActiveRecord: 140.7ms | Allocations: 2345)


Started GET "/movies" for ::1 at 2022-10-29 09:57:28 -0500
Processing by MoviesController#index as TURBO_STREAM
  Rendering layout layouts/application.html.erb
  Rendering movies/index.html.erb within layouts/application
  [1m[36mMovie Load (0.2ms)[0m  [1m[34mSELECT "movies".* FROM "movies"[0m
  ↳ app/views/movies/index.html.erb:6
  Rendered movies/_movie.html.erb (Duration: 0.5ms | Allocations: 38)
  Rendered movies/_movie.html.erb (Duration: 0.3ms | Allocations: 39)
  Rendered movies/_movie.html.erb (Duration: 0.4ms | Allocations: 39)
  Rendered movies/_movie.html.erb (Duration: 0.4ms | Allocations: 39)
  Rendered movies/_movie.html.erb (Duration: 0.3ms | Allocations: 39)
  Rendered movies/_movie.html.erb (Duration: 0.3ms | Allocations: 39)
  Rendered movies/index.html.erb within layouts/application (Duration: 11.2ms | Allocations: 1775)
  Rendered layout layouts/application.html.erb (Duration: 23.9ms | Allocations: 4051)
Completed 200 OK in 28ms (Views: 25.0ms | ActiveRecord: 0.2ms | Allocations: 4341)


Started GET "/movies/10" for ::1 at 2022-10-29 09:57:31 -0500
Processing by MoviesController#show as HTML
  Parameters: {"id"=>"10"}
  [1m[36mMovie Load (0.2ms)[0m  [1m[34mSELECT "movies".* FROM "movies" WHERE "movies"."id" = ? LIMIT ?[0m  [["id", 10], ["LIMIT", 1]]
  ↳ app/controllers/movies_controller.rb:63:in `set_movie'
  Rendering layout layouts/application.html.erb
  Rendering movies/show.html.erb within layouts/application
  Rendered movies/_movie.html.erb (Duration: 0.4ms | Allocations: 40)
  Rendered movies/show.html.erb within layouts/application (Duration: 18.8ms | Allocations: 590)
  Rendered layout layouts/application.html.erb (Duration: 54.2ms | Allocations: 2857)
Completed 200 OK in 62ms (Views: 55.7ms | ActiveRecord: 0.2ms | Allocations: 3606)


Started DELETE "/movies/10" for ::1 at 2022-10-29 09:57:32 -0500
Processing by MoviesController#destroy as TURBO_STREAM
  Parameters: {"authenticity_token"=>"[FILTERED]", "id"=>"10"}
  [1m[36mMovie Load (0.2ms)[0m  [1m[34mSELECT "movies".* FROM "movies" WHERE "movies"."id" = ? LIMIT ?[0m  [["id", 10], ["LIMIT", 1]]
  ↳ app/controllers/movies_controller.rb:63:in `set_movie'
  [1m[36mTRANSACTION (0.1ms)[0m  [1m[36mbegin transaction[0m
  ↳ app/controllers/movies_controller.rb:52:in `destroy'
  [1m[36mMovie Destroy (2.3ms)[0m  [1m[31mDELETE FROM "movies" WHERE "movies"."id" = ?[0m  [["id", 10]]
  ↳ app/controllers/movies_controller.rb:52:in `destroy'
  [1m[36mTRANSACTION (131.4ms)[0m  [1m[36mcommit transaction[0m
  ↳ app/controllers/movies_controller.rb:52:in `destroy'
Redirected to http://localhost:3000/movies
Completed 302 Found in 176ms (ActiveRecord: 134.0ms | Allocations: 2345)


Started GET "/movies" for ::1 at 2022-10-29 09:57:32 -0500
Processing by MoviesController#index as TURBO_STREAM
  Rendering layout layouts/application.html.erb
  Rendering movies/index.html.erb within layouts/application
  [1m[36mMovie Load (0.2ms)[0m  [1m[34mSELECT "movies".* FROM "movies"[0m
  ↳ app/views/movies/index.html.erb:6
  Rendered movies/_movie.html.erb (Duration: 1.3ms | Allocations: 38)
  Rendered movies/_movie.html.erb (Duration: 1.5ms | Allocations: 39)
  Rendered movies/_movie.html.erb (Duration: 0.4ms | Allocations: 39)
  Rendered movies/_movie.html.erb (Duration: 4.3ms | Allocations: 39)
  Rendered movies/_movie.html.erb (Duration: 0.5ms | Allocations: 39)
  Rendered movies/index.html.erb within layouts/application (Duration: 23.8ms | Allocations: 1610)
  Rendered layout layouts/application.html.erb (Duration: 55.0ms | Allocations: 3885)
Completed 200 OK in 60ms (Views: 56.2ms | ActiveRecord: 0.2ms | Allocations: 4175)


Started GET "/movies/1" for ::1 at 2022-10-29 09:57:39 -0500
Processing by MoviesController#show as HTML
  Parameters: {"id"=>"1"}
  [1m[36mMovie Load (0.4ms)[0m  [1m[34mSELECT "movies".* FROM "movies" WHERE "movies"."id" = ? LIMIT ?[0m  [["id", 1], ["LIMIT", 1]]
  ↳ app/controllers/movies_controller.rb:63:in `set_movie'
  Rendering layout layouts/application.html.erb
  Rendering movies/show.html.erb within layouts/application
  Rendered movies/_movie.html.erb (Duration: 0.4ms | Allocations: 38)
  Rendered movies/show.html.erb within layouts/application (Duration: 2.9ms | Allocations: 582)
  Rendered layout layouts/application.html.erb (Duration: 14.5ms | Allocations: 2863)
Completed 200 OK in 22ms (Views: 16.3ms | ActiveRecord: 0.4ms | Allocations: 3613)


Started DELETE "/movies/1" for ::1 at 2022-10-29 09:57:40 -0500
Processing by MoviesController#destroy as TURBO_STREAM
  Parameters: {"authenticity_token"=>"[FILTERED]", "id"=>"1"}
  [1m[36mMovie Load (0.2ms)[0m  [1m[34mSELECT "movies".* FROM "movies" WHERE "movies"."id" = ? LIMIT ?[0m  [["id", 1], ["LIMIT", 1]]
  ↳ app/controllers/movies_controller.rb:63:in `set_movie'
  [1m[36mTRANSACTION (0.1ms)[0m  [1m[36mbegin transaction[0m
  ↳ app/controllers/movies_controller.rb:52:in `destroy'
  [1m[36mMovie Destroy (2.3ms)[0m  [1m[31mDELETE FROM "movies" WHERE "movies"."id" = ?[0m  [["id", 1]]
  ↳ app/controllers/movies_controller.rb:52:in `destroy'
  [1m[36mTRANSACTION (140.1ms)[0m  [1m[36mcommit transaction[0m
  ↳ app/controllers/movies_controller.rb:52:in `destroy'
Redirected to http://localhost:3000/movies
Completed 302 Found in 168ms (ActiveRecord: 142.6ms | Allocations: 2350)


Started GET "/movies" for ::1 at 2022-10-29 09:57:40 -0500
Processing by MoviesController#index as TURBO_STREAM
  Rendering layout layouts/application.html.erb
  Rendering movies/index.html.erb within layouts/application
  [1m[36mMovie Load (0.2ms)[0m  [1m[34mSELECT "movies".* FROM "movies"[0m
  ↳ app/views/movies/index.html.erb:6
  Rendered movies/_movie.html.erb (Duration: 1.2ms | Allocations: 40)
  Rendered movies/_movie.html.erb (Duration: 0.5ms | Allocations: 39)
  Rendered movies/_movie.html.erb (Duration: 0.5ms | Allocations: 39)
  Rendered movies/_movie.html.erb (Duration: 0.4ms | Allocations: 39)
  Rendered movies/index.html.erb within layouts/application (Duration: 12.3ms | Allocations: 1444)
  Rendered layout layouts/application.html.erb (Duration: 26.9ms | Allocations: 3732)
Completed 200 OK in 31ms (Views: 28.1ms | ActiveRecord: 0.2ms | Allocations: 4022)


Started GET "/movies/2" for ::1 at 2022-10-29 09:57:43 -0500
Processing by MoviesController#show as HTML
  Parameters: {"id"=>"2"}
  [1m[36mMovie Load (0.2ms)[0m  [1m[34mSELECT "movies".* FROM "movies" WHERE "movies"."id" = ? LIMIT ?[0m  [["id", 2], ["LIMIT", 1]]
  ↳ app/controllers/movies_controller.rb:63:in `set_movie'
  Rendering layout layouts/application.html.erb
  Rendering movies/show.html.erb within layouts/application
  Rendered movies/_movie.html.erb (Duration: 0.4ms | Allocations: 40)
  Rendered movies/show.html.erb within layouts/application (Duration: 2.6ms | Allocations: 584)
  Rendered layout layouts/application.html.erb (Duration: 14.2ms | Allocations: 2851)
Completed 200 OK in 21ms (Views: 15.8ms | ActiveRecord: 0.2ms | Allocations: 3600)


Started DELETE "/movies/2" for ::1 at 2022-10-29 09:57:44 -0500
Processing by MoviesController#destroy as TURBO_STREAM
  Parameters: {"authenticity_token"=>"[FILTERED]", "id"=>"2"}
  [1m[36mMovie Load (0.2ms)[0m  [1m[34mSELECT "movies".* FROM "movies" WHERE "movies"."id" = ? LIMIT ?[0m  [["id", 2], ["LIMIT", 1]]
  ↳ app/controllers/movies_controller.rb:63:in `set_movie'
  [1m[36mTRANSACTION (0.1ms)[0m  [1m[36mbegin transaction[0m
  ↳ app/controllers/movies_controller.rb:52:in `destroy'
  [1m[36mMovie Destroy (1.0ms)[0m  [1m[31mDELETE FROM "movies" WHERE "movies"."id" = ?[0m  [["id", 2]]
  ↳ app/controllers/movies_controller.rb:52:in `destroy'
  [1m[36mTRANSACTION (130.4ms)[0m  [1m[36mcommit transaction[0m
  ↳ app/controllers/movies_controller.rb:52:in `destroy'
Redirected to http://localhost:3000/movies
Completed 302 Found in 147ms (ActiveRecord: 131.7ms | Allocations: 2345)


Started GET "/movies" for ::1 at 2022-10-29 09:57:44 -0500
Processing by MoviesController#index as TURBO_STREAM
  Rendering layout layouts/application.html.erb
  Rendering movies/index.html.erb within layouts/application
  [1m[36mMovie Load (0.2ms)[0m  [1m[34mSELECT "movies".* FROM "movies"[0m
  ↳ app/views/movies/index.html.erb:6
  Rendered movies/_movie.html.erb (Duration: 0.5ms | Allocations: 40)
  Rendered movies/_movie.html.erb (Duration: 0.5ms | Allocations: 39)
  Rendered movies/_movie.html.erb (Duration: 0.4ms | Allocations: 39)
  Rendered movies/index.html.erb within layouts/application (Duration: 8.1ms | Allocations: 1251)
  Rendered layout layouts/application.html.erb (Duration: 21.1ms | Allocations: 3526)
Completed 200 OK in 26ms (Views: 22.5ms | ActiveRecord: 0.2ms | Allocations: 3816)


Started GET "/movies/3" for ::1 at 2022-10-29 09:57:45 -0500
Processing by MoviesController#show as HTML
  Parameters: {"id"=>"3"}
  [1m[36mMovie Load (0.2ms)[0m  [1m[34mSELECT "movies".* FROM "movies" WHERE "movies"."id" = ? LIMIT ?[0m  [["id", 3], ["LIMIT", 1]]
  ↳ app/controllers/movies_controller.rb:63:in `set_movie'
  Rendering layout layouts/application.html.erb
  Rendering movies/show.html.erb within layouts/application
  Rendered movies/_movie.html.erb (Duration: 0.4ms | Allocations: 40)
  Rendered movies/show.html.erb within layouts/application (Duration: 2.5ms | Allocations: 593)
  Rendered layout layouts/application.html.erb (Duration: 13.7ms | Allocations: 2860)
Completed 200 OK in 21ms (Views: 15.4ms | ActiveRecord: 0.2ms | Allocations: 3609)


Started DELETE "/movies/3" for ::1 at 2022-10-29 09:57:46 -0500
Processing by MoviesController#destroy as TURBO_STREAM
  Parameters: {"authenticity_token"=>"[FILTERED]", "id"=>"3"}
  [1m[36mMovie Load (0.2ms)[0m  [1m[34mSELECT "movies".* FROM "movies" WHERE "movies"."id" = ? LIMIT ?[0m  [["id", 3], ["LIMIT", 1]]
  ↳ app/controllers/movies_controller.rb:63:in `set_movie'
  [1m[36mTRANSACTION (0.1ms)[0m  [1m[36mbegin transaction[0m
  ↳ app/controllers/movies_controller.rb:52:in `destroy'
  [1m[36mMovie Destroy (2.3ms)[0m  [1m[31mDELETE FROM "movies" WHERE "movies"."id" = ?[0m  [["id", 3]]
  ↳ app/controllers/movies_controller.rb:52:in `destroy'
  [1m[36mTRANSACTION (157.1ms)[0m  [1m[36mcommit transaction[0m
  ↳ app/controllers/movies_controller.rb:52:in `destroy'
Redirected to http://localhost:3000/movies
Completed 302 Found in 187ms (ActiveRecord: 159.7ms | Allocations: 2348)


Started GET "/movies" for ::1 at 2022-10-29 09:57:46 -0500
Processing by MoviesController#index as TURBO_STREAM
  Rendering layout layouts/application.html.erb
  Rendering movies/index.html.erb within layouts/application
  [1m[36mMovie Load (0.3ms)[0m  [1m[34mSELECT "movies".* FROM "movies"[0m
  ↳ app/views/movies/index.html.erb:6
  Rendered movies/_movie.html.erb (Duration: 0.5ms | Allocations: 40)
  Rendered movies/_movie.html.erb (Duration: 0.4ms | Allocations: 39)
  Rendered movies/index.html.erb within layouts/application (Duration: 6.8ms | Allocations: 1092)
  Rendered layout layouts/application.html.erb (Duration: 19.9ms | Allocations: 3367)
Completed 200 OK in 25ms (Views: 21.1ms | ActiveRecord: 0.3ms | Allocations: 3657)


Started GET "/movies/4" for ::1 at 2022-10-29 09:57:47 -0500
Processing by MoviesController#show as HTML
  Parameters: {"id"=>"4"}
  [1m[36mMovie Load (0.2ms)[0m  [1m[34mSELECT "movies".* FROM "movies" WHERE "movies"."id" = ? LIMIT ?[0m  [["id", 4], ["LIMIT", 1]]
  ↳ app/controllers/movies_controller.rb:63:in `set_movie'
  Rendering layout layouts/application.html.erb
  Rendering movies/show.html.erb within layouts/application
  Rendered movies/_movie.html.erb (Duration: 0.4ms | Allocations: 40)
  Rendered movies/show.html.erb within layouts/application (Duration: 2.8ms | Allocations: 584)
  Rendered layout layouts/application.html.erb (Duration: 15.3ms | Allocations: 2851)
Completed 200 OK in 23ms (Views: 16.7ms | ActiveRecord: 0.2ms | Allocations: 3600)


Started DELETE "/movies/4" for ::1 at 2022-10-29 09:57:48 -0500
Processing by MoviesController#destroy as TURBO_STREAM
  Parameters: {"authenticity_token"=>"[FILTERED]", "id"=>"4"}
  [1m[36mMovie Load (0.2ms)[0m  [1m[34mSELECT "movies".* FROM "movies" WHERE "movies"."id" = ? LIMIT ?[0m  [["id", 4], ["LIMIT", 1]]
  ↳ app/controllers/movies_controller.rb:63:in `set_movie'
  [1m[36mTRANSACTION (0.1ms)[0m  [1m[36mbegin transaction[0m
  ↳ app/controllers/movies_controller.rb:52:in `destroy'
  [1m[36mMovie Destroy (2.4ms)[0m  [1m[31mDELETE FROM "movies" WHERE "movies"."id" = ?[0m  [["id", 4]]
  ↳ app/controllers/movies_controller.rb:52:in `destroy'
  [1m[36mTRANSACTION (142.4ms)[0m  [1m[36mcommit transaction[0m
  ↳ app/controllers/movies_controller.rb:52:in `destroy'
Redirected to http://localhost:3000/movies
Completed 302 Found in 169ms (ActiveRecord: 145.1ms | Allocations: 2345)


Started GET "/movies" for ::1 at 2022-10-29 09:57:48 -0500
Processing by MoviesController#index as TURBO_STREAM
  Rendering layout layouts/application.html.erb
  Rendering movies/index.html.erb within layouts/application
  [1m[36mMovie Load (0.3ms)[0m  [1m[34mSELECT "movies".* FROM "movies"[0m
  ↳ app/views/movies/index.html.erb:6
  Rendered movies/_movie.html.erb (Duration: 0.3ms | Allocations: 40)
  Rendered movies/index.html.erb within layouts/application (Duration: 6.3ms | Allocations: 927)
  Rendered layout layouts/application.html.erb (Duration: 20.8ms | Allocations: 3202)
Completed 200 OK in 36ms (Views: 30.4ms | ActiveRecord: 0.3ms | Allocations: 3492)


Started GET "/movies/5" for ::1 at 2022-10-29 09:57:49 -0500
Processing by MoviesController#show as HTML
  Parameters: {"id"=>"5"}
  [1m[36mMovie Load (0.2ms)[0m  [1m[34mSELECT "movies".* FROM "movies" WHERE "movies"."id" = ? LIMIT ?[0m  [["id", 5], ["LIMIT", 1]]
  ↳ app/controllers/movies_controller.rb:63:in `set_movie'
  Rendering layout layouts/application.html.erb
  Rendering movies/show.html.erb within layouts/application
  Rendered movies/_movie.html.erb (Duration: 0.4ms | Allocations: 40)
  Rendered movies/show.html.erb within layouts/application (Duration: 2.4ms | Allocations: 587)
  Rendered layout layouts/application.html.erb (Duration: 13.4ms | Allocations: 2854)
Completed 200 OK in 22ms (Views: 15.2ms | ActiveRecord: 0.2ms | Allocations: 3603)


Started DELETE "/movies/5" for ::1 at 2022-10-29 09:57:50 -0500
Processing by MoviesController#destroy as TURBO_STREAM
  Parameters: {"authenticity_token"=>"[FILTERED]", "id"=>"5"}
  [1m[36mMovie Load (0.2ms)[0m  [1m[34mSELECT "movies".* FROM "movies" WHERE "movies"."id" = ? LIMIT ?[0m  [["id", 5], ["LIMIT", 1]]
  ↳ app/controllers/movies_controller.rb:63:in `set_movie'
  [1m[36mTRANSACTION (0.1ms)[0m  [1m[36mbegin transaction[0m
  ↳ app/controllers/movies_controller.rb:52:in `destroy'
  [1m[36mMovie Destroy (2.6ms)[0m  [1m[31mDELETE FROM "movies" WHERE "movies"."id" = ?[0m  [["id", 5]]
  ↳ app/controllers/movies_controller.rb:52:in `destroy'
  [1m[36mTRANSACTION (149.5ms)[0m  [1m[36mcommit transaction[0m
  ↳ app/controllers/movies_controller.rb:52:in `destroy'
Redirected to http://localhost:3000/movies
Completed 302 Found in 180ms (ActiveRecord: 152.4ms | Allocations: 2351)


Started GET "/movies" for ::1 at 2022-10-29 09:57:50 -0500
Processing by MoviesController#index as TURBO_STREAM
  Rendering layout layouts/application.html.erb
  Rendering movies/index.html.erb within layouts/application
  [1m[36mMovie Load (0.2ms)[0m  [1m[34mSELECT "movies".* FROM "movies"[0m
  ↳ app/views/movies/index.html.erb:6
  Rendered movies/index.html.erb within layouts/application (Duration: 2.7ms | Allocations: 756)
  Rendered layout layouts/application.html.erb (Duration: 14.7ms | Allocations: 3031)
Completed 200 OK in 19ms (Views: 15.8ms | ActiveRecord: 0.2ms | Allocations: 3321)


  [1m[36mActiveRecord::SchemaMigration Pluck (0.3ms)[0m  [1m[34mSELECT "schema_migrations"."version" FROM "schema_migrations" ORDER BY "schema_migrations"."version" ASC[0m
  [1m[36mTRANSACTION (0.1ms)[0m  [1m[36mbegin transaction[0m
  [1m[36mMovie Create (1.1ms)[0m  [1m[32mINSERT INTO "movies" ("title", "rating", "description", "release_date", "created_at", "updated_at") VALUES (?, ?, ?, ?, ?, ?)[0m  [["title", "My Neighbor Totoro"], ["rating", "G"], ["description", nil], ["release_date", "1988-04-16 00:00:00"], ["created_at", "2022-10-29 15:00:46.955643"], ["updated_at", "2022-10-29 15:00:46.955643"]]
  [1m[36mTRANSACTION (161.1ms)[0m  [1m[36mcommit transaction[0m
  [1m[36mTRANSACTION (0.2ms)[0m  [1m[36mbegin transaction[0m
  [1m[36mMovie Create (2.1ms)[0m  [1m[32mINSERT INTO "movies" ("title", "rating", "description", "release_date", "created_at", "updated_at") VALUES (?, ?, ?, ?, ?, ?)[0m  [["title", "Green Book"], ["rating", "PG-13"], ["description", nil], ["release_date", "2018-11-16 00:00:00"], ["created_at", "2022-10-29 15:00:47.130101"], ["updated_at", "2022-10-29 15:00:47.130101"]]
  [1m[36mTRANSACTION (124.7ms)[0m  [1m[36mcommit transaction[0m
  [1m[36mTRANSACTION (0.2ms)[0m  [1m[36mbegin transaction[0m
  [1m[36mMovie Create (2.0ms)[0m  [1m[32mINSERT INTO "movies" ("title", "rating", "description", "release_date", "created_at", "updated_at") VALUES (?, ?, ?, ?, ?, ?)[0m  [["title", "Parasite"], ["rating", "R"], ["description", nil], ["release_date", "2019-05-30 00:00:00"], ["created_at", "2022-10-29 15:00:47.269655"], ["updated_at", "2022-10-29 15:00:47.269655"]]
  [1m[36mTRANSACTION (144.3ms)[0m  [1m[36mcommit transaction[0m
  [1m[36mTRANSACTION (0.1ms)[0m  [1m[36mbegin transaction[0m
  [1m[36mMovie Create (1.9ms)[0m  [1m[32mINSERT INTO "movies" ("title", "rating", "description", "release_date", "created_at", "updated_at") VALUES (?, ?, ?, ?, ?, ?)[0m  [["title", "Nomadland"], ["rating", "R"], ["description", nil], ["release_date", "2021-02-19 00:00:00"], ["created_at", "2022-10-29 15:00:47.426529"], ["updated_at", "2022-10-29 15:00:47.426529"]]
  [1m[36mTRANSACTION (142.0ms)[0m  [1m[36mcommit transaction[0m
  [1m[36mTRANSACTION (0.1ms)[0m  [1m[36mbegin transaction[0m
  [1m[36mMovie Create (1.9ms)[0m  [1m[32mINSERT INTO "movies" ("title", "rating", "description", "release_date", "created_at", "updated_at") VALUES (?, ?, ?, ?, ?, ?)[0m  [["title", "CODA"], ["rating", "PG-13"], ["description", nil], ["release_date", "2021-08-13 00:00:00"], ["created_at", "2022-10-29 15:00:47.581458"], ["updated_at", "2022-10-29 15:00:47.581458"]]
  [1m[36mTRANSACTION (143.0ms)[0m  [1m[36mcommit transaction[0m
  [1m[36mTRANSACTION (0.1ms)[0m  [1m[36mbegin transaction[0m
  [1m[36mMovie Create (1.0ms)[0m  [1m[32mINSERT INTO "movies" ("title", "rating", "description", "release_date", "created_at", "updated_at") VALUES (?, ?, ?, ?, ?, ?)[0m  [["title", "Interstellar"], ["rating", "PG-13"], ["description", nil], ["release_date", "2014-10-26 00:00:00"], ["created_at", "2022-10-29 15:00:47.735359"], ["updated_at", "2022-10-29 15:00:47.735359"]]
  [1m[36mTRANSACTION (160.3ms)[0m  [1m[36mcommit transaction[0m
Started GET "/movies" for ::1 at 2022-10-29 10:00:50 -0500
Processing by MoviesController#index as HTML
  Rendering layout layouts/application.html.erb
  Rendering movies/index.html.erb within layouts/application
  [1m[36mMovie Load (0.3ms)[0m  [1m[34mSELECT "movies".* FROM "movies"[0m
  ↳ app/views/movies/index.html.erb:6
  Rendered movies/_movie.html.erb (Duration: 0.4ms | Allocations: 38)
  Rendered movies/_movie.html.erb (Duration: 0.4ms | Allocations: 39)
  Rendered movies/_movie.html.erb (Duration: 1.5ms | Allocations: 39)
  Rendered movies/_movie.html.erb (Duration: 0.7ms | Allocations: 39)
  Rendered movies/_movie.html.erb (Duration: 0.5ms | Allocations: 39)
  Rendered movies/_movie.html.erb (Duration: 0.5ms | Allocations: 39)
  Rendered movies/index.html.erb within layouts/application (Duration: 14.9ms | Allocations: 1747)
  Rendered layout layouts/application.html.erb (Duration: 26.7ms | Allocations: 4022)
Completed 200 OK in 32ms (Views: 28.0ms | ActiveRecord: 0.3ms | Allocations: 4309)


